<?xml version="1.0" encoding="UTF-8"?>
<!-- Generated by org.testng.reporters.JUnitReportReporter -->
<testsuite skipped="0" hostname="Lenovo-pc" name="com.asserttestng.Soft_Hard_Assert" tests="2" failures="0" timestamp="06 May 2019 16:12:57 GMT" time="0.064" errors="0">
  <testcase name="hardAssertMethod" time="0.061" classname="com.asserttestng.Soft_Hard_Assert"/>
  <testcase name="softAssertionMethod" time="0.003" classname="com.asserttestng.Soft_Hard_Assert"/>
</testsuite> <!-- com.asserttestng.Soft_Hard_Assert -->
