<?xml version="1.0" encoding="UTF-8"?>
<!-- Generated by org.testng.reporters.JUnitReportReporter -->
<testsuite skipped="0" hostname="Lenovo-pc" name="com.datdprov.TestNG_Parameterization1" tests="3" failures="0" timestamp="03 May 2019 21:28:27 GMT" time="0.013" errors="0">
  <testcase name="testMethod" time="0.011" classname="com.datdprov.TestNG_Parameterization1"/>
  <testcase name="testMethod" time="0.001" classname="com.datdprov.TestNG_Parameterization1"/>
  <testcase name="testMethod" time="0.001" classname="com.datdprov.TestNG_Parameterization1"/>
</testsuite> <!-- com.datdprov.TestNG_Parameterization1 -->
