<?xml version="1.0" encoding="UTF-8"?>
<!-- Generated by org.testng.reporters.JUnitReportReporter -->
<testsuite skipped="0" hostname="Lenovo-pc" name="com.datdprov.ParameterByDataprovider" tests="3" failures="0" timestamp="03 May 2019 22:22:17 GMT" time="12.131" errors="0">
  <testcase name="testMethod" time="3.155" classname="com.datdprov.ParameterByDataprovider"/>
  <testcase name="testMethod" time="5.814" classname="com.datdprov.ParameterByDataprovider"/>
  <testcase name="testMethod" time="3.162" classname="com.datdprov.ParameterByDataprovider"/>
</testsuite> <!-- com.datdprov.ParameterByDataprovider -->
