<?xml version="1.0" encoding="UTF-8"?>
<!-- Generated by org.testng.reporters.JUnitReportReporter -->
<testsuite skipped="0" hostname="Lenovo-pc" name="com.testng.framework.firsttestngfile2" tests="2" failures="0" timestamp="01 May 2019 22:02:47 GMT" time="10.238" errors="0">
  <testcase name="register" time="4.723" classname="com.testng.framework.firsttestngfile2"/>
  <testcase name="support" time="5.515" classname="com.testng.framework.firsttestngfile2"/>
</testsuite> <!-- com.testng.framework.firsttestngfile2 -->
