<?xml version="1.0" encoding="UTF-8"?>
<!-- Generated by org.testng.reporters.JUnitReportReporter -->
<testsuite skipped="0" hostname="Lenovo-pc" name="com.frame.login_page" tests="1" failures="0" timestamp="03 May 2019 18:56:21 GMT" time="6.212" errors="0">
  <testcase name="LoginTestcases" time="6.212" classname="com.frame.login_page"/>
</testsuite> <!-- com.frame.login_page -->
