<?xml version="1.0" encoding="UTF-8"?>
<!-- Generated by org.testng.reporters.JUnitReportReporter -->
<testsuite skipped="0" hostname="Lenovo-pc" name="com.twodatprov.ParameterDataproviderWithClassLevel" tests="3" failures="0" timestamp="03 May 2019 22:45:37 GMT" time="10.449" errors="0">
  <testcase name="testMethod" time="3.140" classname="com.twodatprov.ParameterDataproviderWithClassLevel"/>
  <testcase name="testMethod" time="3.138" classname="com.twodatprov.ParameterDataproviderWithClassLevel"/>
  <testcase name="testMethod" time="4.171" classname="com.twodatprov.ParameterDataproviderWithClassLevel"/>
</testsuite> <!-- com.twodatprov.ParameterDataproviderWithClassLevel -->
