<?xml version="1.0" encoding="UTF-8"?>
<!-- Generated by org.testng.reporters.JUnitReportReporter -->
<testsuite skipped="0" hostname="Lenovo-pc" name="com.data.listener.DataprovideerEx" tests="3" failures="0" timestamp="07 May 2019 17:51:32 GMT" time="16.845" errors="0">
  <testcase name="LoginTestcases" time="4.341" classname="com.data.listener.DataprovideerEx"/>
  <testcase name="LoginTestcases" time="8.228" classname="com.data.listener.DataprovideerEx"/>
  <testcase name="LoginTestcases" time="4.276" classname="com.data.listener.DataprovideerEx"/>
</testsuite> <!-- com.data.listener.DataprovideerEx -->
