<?xml version="1.0" encoding="UTF-8"?>
<!-- Generated by org.testng.reporters.JUnitReportReporter -->
<testsuite skipped="0" hostname="Lenovo-pc" name="com.paramerters.dataprov.ParameterByMethodInDataprovider" tests="6" failures="0" timestamp="04 May 2019 00:45:55 GMT" time="20.286" errors="0">
  <testcase name="testMethodA" time="3.182" classname="com.paramerters.dataprov.ParameterByMethodInDataprovider"/>
  <testcase name="testMethodB" time="3.215" classname="com.paramerters.dataprov.ParameterByMethodInDataprovider"/>
  <testcase name="testMethodB" time="3.175" classname="com.paramerters.dataprov.ParameterByMethodInDataprovider"/>
  <testcase name="testMethodA" time="4.230" classname="com.paramerters.dataprov.ParameterByMethodInDataprovider"/>
  <testcase name="testMethodB" time="3.259" classname="com.paramerters.dataprov.ParameterByMethodInDataprovider"/>
  <testcase name="testMethodA" time="3.225" classname="com.paramerters.dataprov.ParameterByMethodInDataprovider"/>
</testsuite> <!-- com.paramerters.dataprov.ParameterByMethodInDataprovider -->
