<?xml version="1.0" encoding="UTF-8"?>
<!-- Generated by org.testng.reporters.JUnitReportReporter -->
<testsuite skipped="0" hostname="Lenovo-pc" name="com.frame.TestNG_Parameterization" tests="2" failures="0" timestamp="03 May 2019 02:05:48 GMT" time="0.018" errors="0">
  <testcase name="testCaseTwo" time="0.002" classname="com.frame.TestNG_Parameterization"/>
  <testcase name="testCaseOne" time="0.016" classname="com.frame.TestNG_Parameterization"/>
</testsuite> <!-- com.frame.TestNG_Parameterization -->
